<?xml version="1.0" encoding="UTF-8"?>
<!-- Generated by org.testng.reporters.JUnitReportReporter -->
<testsuite hostname="DESKTOP-3BAD12A" failures="0" tests="6" name="org.flipkart.stepdefinition.Flipkart" time="0.661" errors="0" timestamp="31 Mar 2022 12:06:18 GMT" skipped="3">
  <testcase classname="org.flipkart.stepdefinition.Flipkart" name="button" time="0.160"/>
  <testcase classname="org.flipkart.stepdefinition.Flipkart" name="search" time="0.247"/>
  <testcase classname="org.flipkart.stepdefinition.Flipkart" name="home" time="0.254"/>
  <testcase classname="org.flipkart.stepdefinition.Flipkart" name="hover">
    <skipped/>
  </testcase> <!-- hover -->
  <testcase classname="org.flipkart.stepdefinition.Flipkart" name="hover2">
    <skipped/>
  </testcase> <!-- hover2 -->
  <testcase classname="org.flipkart.stepdefinition.Flipkart" name="fetch">
    <skipped/>
  </testcase> <!-- fetch -->
</testsuite> <!-- org.flipkart.stepdefinition.Flipkart -->
